Determining if the pthread_create exist failed with the following output:
Change Dir: /home/jame/Desktop/my_ws/src/te/build/CMakeFiles/CMakeTmp

Run Build Command:"/usr/bin/make" "cmTC_8839c/fast"
/usr/bin/make -f CMakeFiles/cmTC_8839c.dir/build.make CMakeFiles/cmTC_8839c.dir/build
make[1]: 进入目录“/home/jame/Desktop/my_ws/src/te/build/CMakeFiles/CMakeTmp”
Building C object CMakeFiles/cmTC_8839c.dir/CheckSymbolExists.c.o
/usr/bin/gcc-7    -o CMakeFiles/cmTC_8839c.dir/CheckSymbolExists.c.o   -c /home/jame/Desktop/my_ws/src/te/build/CMakeFiles/CMakeTmp/CheckSymbolExists.c
Linking C executable cmTC_8839c
/usr/bin/cmake -E cmake_link_script CMakeFiles/cmTC_8839c.dir/link.txt --verbose=1
/usr/bin/gcc-7      -rdynamic CMakeFiles/cmTC_8839c.dir/CheckSymbolExists.c.o  -o cmTC_8839c 
CMakeFiles/cmTC_8839c.dir/CheckSymbolExists.c.o：在函数‘main’中：
CheckSymbolExists.c:(.text+0x1b)：对‘pthread_create’未定义的引用
collect2: error: ld returned 1 exit status
CMakeFiles/cmTC_8839c.dir/build.make:97: recipe for target 'cmTC_8839c' failed
make[1]: *** [cmTC_8839c] Error 1
make[1]: 离开目录“/home/jame/Desktop/my_ws/src/te/build/CMakeFiles/CMakeTmp”
Makefile:126: recipe for target 'cmTC_8839c/fast' failed
make: *** [cmTC_8839c/fast] Error 2

File /home/jame/Desktop/my_ws/src/te/build/CMakeFiles/CMakeTmp/CheckSymbolExists.c:
/* */
#include <pthread.h>

int main(int argc, char** argv)
{
  (void)argv;
#ifndef pthread_create
  return ((int*)(&pthread_create))[argc];
#else
  (void)argc;
  return 0;
#endif
}

Determining if the function pthread_create exists in the pthreads failed with the following output:
Change Dir: /home/jame/Desktop/my_ws/src/te/build/CMakeFiles/CMakeTmp

Run Build Command:"/usr/bin/make" "cmTC_a9982/fast"
/usr/bin/make -f CMakeFiles/cmTC_a9982.dir/build.make CMakeFiles/cmTC_a9982.dir/build
make[1]: 进入目录“/home/jame/Desktop/my_ws/src/te/build/CMakeFiles/CMakeTmp”
Building C object CMakeFiles/cmTC_a9982.dir/CheckFunctionExists.c.o
/usr/bin/gcc-7   -DCHECK_FUNCTION_EXISTS=pthread_create   -o CMakeFiles/cmTC_a9982.dir/CheckFunctionExists.c.o   -c /usr/share/cmake-3.10/Modules/CheckFunctionExists.c
Linking C executable cmTC_a9982
/usr/bin/cmake -E cmake_link_script CMakeFiles/cmTC_a9982.dir/link.txt --verbose=1
/usr/bin/gcc-7  -DCHECK_FUNCTION_EXISTS=pthread_create    -rdynamic CMakeFiles/cmTC_a9982.dir/CheckFunctionExists.c.o  -o cmTC_a9982 -lpthreads 
/usr/bin/ld: 找不到 -lpthreads
collect2: error: ld returned 1 exit status
CMakeFiles/cmTC_a9982.dir/build.make:97: recipe for target 'cmTC_a9982' failed
make[1]: *** [cmTC_a9982] Error 1
make[1]: 离开目录“/home/jame/Desktop/my_ws/src/te/build/CMakeFiles/CMakeTmp”
Makefile:126: recipe for target 'cmTC_a9982/fast' failed
make: *** [cmTC_a9982/fast] Error 2


